# JRE version: Java(TM) SE Runtime Environment (8.0_231-b11) (build 1.8.0_231-b11)
# Java VM: Java HotSpot(TM) 64-Bit Server VM (25.231-b11 mixed mode windows-amd64 compressed oops)
Heap:
 PSYoungGen      total 431104K, used 93187K [0x00000000d5580000, 0x00000000f2800000, 0x0000000100000000)
  eden space 402944K, 16% used [0x00000000d5580000,0x00000000d9507028,0x00000000edf00000)
  from space 28160K, 99% used [0x00000000f0800000,0x00000000f2379f08,0x00000000f2380000)
  to   space 37376K, 0% used [0x00000000edf00000,0x00000000edf00000,0x00000000f0380000)
 ParOldGen       total 163328K, used 71003K [0x0000000080000000, 0x0000000089f80000, 0x00000000d5580000)
  object space 163328K, 43% used [0x0000000080000000,0x0000000084556df0,0x0000000089f80000)
 Metaspace       used 90345K, capacity 94990K, committed 95232K, reserved 1132544K
  class space    used 12105K, capacity 13038K, committed 13056K, reserved 1048576K
GC Heap History (10 events):
Event: 15.329 GC heap before
{Heap before GC invocations=13 (full 3):
 PSYoungGen      total 279552K, used 12078K [0x00000000d5580000, 0x00000000e9e00000, 0x0000000100000000)
  eden space 259072K, 0% used [0x00000000d5580000,0x00000000d5580000,0x00000000e5280000)
  from space 20480K, 58% used [0x00000000e6600000,0x00000000e71cb968,0x00000000e7a00000)
  to   space 19968K, 0% used [0x00000000e5280000,0x00000000e5280000,0x00000000e6600000)
 ParOldGen       total 115200K, used 31959K [0x0000000080000000, 0x0000000087080000, 0x00000000d5580000)
  object space 115200K, 27% used [0x0000000080000000,0x0000000081f35fc0,0x0000000087080000)
 Metaspace       used 56629K, capacity 59044K, committed 59136K, reserved 1099776K
  class space    used 7666K, capacity 8129K, committed 8192K, reserved 1048576K
Event: 15.607 GC heap after
Heap after GC invocations=13 (full 3):
 PSYoungGen      total 279552K, used 0K [0x00000000d5580000, 0x00000000e9e00000, 0x0000000100000000)
  eden space 259072K, 0% used [0x00000000d5580000,0x00000000d5580000,0x00000000e5280000)
  from space 20480K, 0% used [0x00000000e6600000,0x00000000e6600000,0x00000000e7a00000)
  to   space 19968K, 0% used [0x00000000e5280000,0x00000000e5280000,0x00000000e6600000)
 ParOldGen       total 163328K, used 33009K [0x0000000080000000, 0x0000000089f80000, 0x00000000d5580000)
  object space 163328K, 20% used [0x0000000080000000,0x000000008203c608,0x0000000089f80000)
 Metaspace       used 56539K, capacity 58770K, committed 59136K, reserved 1099776K
  class space    used 7638K, capacity 8087K, committed 8192K, reserved 1048576K
}
Event: 21.069 GC heap before
{Heap before GC invocations=14 (full 3):
 PSYoungGen      total 279552K, used 259072K [0x00000000d5580000, 0x00000000e9e00000, 0x0000000100000000)
  eden space 259072K, 100% used [0x00000000d5580000,0x00000000e5280000,0x00000000e5280000)
  from space 20480K, 0% used [0x00000000e6600000,0x00000000e6600000,0x00000000e7a00000)
  to   space 19968K, 0% used [0x00000000e5280000,0x00000000e5280000,0x00000000e6600000)
 ParOldGen       total 163328K, used 33009K [0x0000000080000000, 0x0000000089f80000, 0x00000000d5580000)
  object space 163328K, 20% used [0x0000000080000000,0x000000008203c608,0x0000000089f80000)
 Metaspace       used 73562K, capacity 76698K, committed 76800K, reserved 1116160K
  class space    used 10286K, capacity 10950K, committed 11008K, reserved 1048576K
Event: 21.097 GC heap after
Heap after GC invocations=14 (full 3):
 PSYoungGen      total 279040K, used 19944K [0x00000000d5580000, 0x00000000ed180000, 0x0000000100000000)
  eden space 259072K, 0% used [0x00000000d5580000,0x00000000d5580000,0x00000000e5280000)
  from space 19968K, 99% used [0x00000000e5280000,0x00000000e65fa208,0x00000000e6600000)
  to   space 24576K, 0% used [0x00000000eb980000,0x00000000eb980000,0x00000000ed180000)
 ParOldGen       total 163328K, used 38072K [0x0000000080000000, 0x0000000089f80000, 0x00000000d5580000)
  object space 163328K, 23% used [0x0000000080000000,0x000000008252e330,0x0000000089f80000)
 Metaspace       used 73562K, capacity 76698K, committed 76800K, reserved 1116160K
  class space    used 10286K, capacity 10950K, committed 11008K, reserved 1048576K
}
Event: 28.043 GC heap before
{Heap before GC invocations=15 (full 3):
 PSYoungGen      total 279040K, used 279016K [0x00000000d5580000, 0x00000000ed180000, 0x0000000100000000)
  eden space 259072K, 100% used [0x00000000d5580000,0x00000000e5280000,0x00000000e5280000)
  from space 19968K, 99% used [0x00000000e5280000,0x00000000e65fa208,0x00000000e6600000)
  to   space 24576K, 0% used [0x00000000eb980000,0x00000000eb980000,0x00000000ed180000)
 ParOldGen       total 163328K, used 38072K [0x0000000080000000, 0x0000000089f80000, 0x00000000d5580000)
  object space 163328K, 23% used [0x0000000080000000,0x000000008252e330,0x0000000089f80000)
 Metaspace       used 78676K, capacity 82424K, committed 82560K, reserved 1120256K
  class space    used 10904K, capacity 11647K, committed 11648K, reserved 1048576K
Event: 28.071 GC heap after
Heap after GC invocations=15 (full 3):
 PSYoungGen      total 345088K, used 12631K [0x00000000d5580000, 0x00000000ec700000, 0x0000000100000000)
  eden space 331264K, 0% used [0x00000000d5580000,0x00000000d5580000,0x00000000e9900000)
  from space 13824K, 91% used [0x00000000eb980000,0x00000000ec5d5ed0,0x00000000ec700000)
  to   space 23552K, 0% used [0x00000000e9900000,0x00000000e9900000,0x00000000eb000000)
 ParOldGen       total 163328K, used 51544K [0x0000000080000000, 0x0000000089f80000, 0x00000000d5580000)
  object space 163328K, 31% used [0x0000000080000000,0x00000000832563e8,0x0000000089f80000)
 Metaspace       used 78676K, capacity 82424K, committed 82560K, reserved 1120256K
  class space    used 10904K, capacity 11647K, committed 11648K, reserved 1048576K
}
Event: 31.976 GC heap before
{Heap before GC invocations=16 (full 3):
 PSYoungGen      total 345088K, used 343895K [0x00000000d5580000, 0x00000000ec700000, 0x0000000100000000)
  eden space 331264K, 100% used [0x00000000d5580000,0x00000000e9900000,0x00000000e9900000)
  from space 13824K, 91% used [0x00000000eb980000,0x00000000ec5d5ed0,0x00000000ec700000)
  to   space 23552K, 0% used [0x00000000e9900000,0x00000000e9900000,0x00000000eb000000)
 ParOldGen       total 163328K, used 51544K [0x0000000080000000, 0x0000000089f80000, 0x00000000d5580000)
  object space 163328K, 31% used [0x0000000080000000,0x00000000832563e8,0x0000000089f80000)
 Metaspace       used 81045K, capacity 84898K, committed 85120K, reserved 1122304K
  class space    used 11158K, capacity 11880K, committed 11904K, reserved 1048576K
Event: 32.013 GC heap after
Heap after GC invocations=16 (full 3):
 PSYoungGen      total 354816K, used 23545K [0x00000000d5580000, 0x00000000f2380000, 0x0000000100000000)
  eden space 331264K, 0% used [0x00000000d5580000,0x00000000d5580000,0x00000000e9900000)
  from space 23552K, 99% used [0x00000000e9900000,0x00000000eaffe418,0x00000000eb000000)
  to   space 28160K, 0% used [0x00000000f0800000,0x00000000f0800000,0x00000000f2380000)
 ParOldGen       total 163328K, used 57021K [0x0000000080000000, 0x0000000089f80000, 0x00000000d5580000)
  object space 163328K, 34% used [0x0000000080000000,0x00000000837af490,0x0000000089f80000)
 Metaspace       used 81045K, capacity 84898K, committed 85120K, reserved 1122304K
  class space    used 11158K, capacity 11880K, committed 11904K, reserved 1048576K
}
Event: 2304.522 GC heap before
{Heap before GC invocations=17 (full 3):
 PSYoungGen      total 354816K, used 354809K [0x00000000d5580000, 0x00000000f2380000, 0x0000000100000000)
  eden space 331264K, 100% used [0x00000000d5580000,0x00000000e9900000,0x00000000e9900000)
  from space 23552K, 99% used [0x00000000e9900000,0x00000000eaffe418,0x00000000eb000000)
  to   space 28160K, 0% used [0x00000000f0800000,0x00000000f0800000,0x00000000f2380000)
 ParOldGen       total 163328K, used 57021K [0x0000000080000000, 0x0000000089f80000, 0x00000000d5580000)
  object space 163328K, 34% used [0x0000000080000000,0x00000000837af490,0x0000000089f80000)
 Metaspace       used 90067K, capacity 94708K, committed 94976K, reserved 1130496K
  class space    used 12104K, capacity 13037K, committed 13056K, reserved 1048576K
Event: 2304.556 GC heap after
Heap after GC invocations=17 (full 3):
 PSYoungGen      total 431104K, used 28135K [0x00000000d5580000, 0x00000000f2800000, 0x0000000100000000)
  eden space 402944K, 0% used [0x00000000d5580000,0x00000000d5580000,0x00000000edf00000)
  from space 28160K, 99% used [0x00000000f0800000,0x00000000f2379f08,0x00000000f2380000)
  to   space 37376K, 0% used [0x00000000edf00000,0x00000000edf00000,0x00000000f0380000)
 ParOldGen       total 163328K, used 71003K [0x0000000080000000, 0x0000000089f80000, 0x00000000d5580000)
  object space 163328K, 43% used [0x0000000080000000,0x0000000084556df0,0x0000000089f80000)
 Metaspace       used 90067K, capacity 94708K, committed 94976K, reserved 1130496K
  class space    used 12104K, capacity 13037K, committed 13056K, reserved 1048576K
}

